<?xml version="1.0" encoding="UTF-8"?>
<!-- Generated by org.testng.reporters.JUnitReportReporter -->
<testsuite hostname="DESKTOP-IQ2M59A" failures="0" tests="8" name="Package1.TestByAnnotation" time="0.040" errors="0" timestamp="2022-03-04T14:09:45 IST" skipped="4">
  <testcase classname="Package1.TestByAnnotation" name="TestC" time="0.005"/>
  <system-out/>
  <testcase classname="Package1.TestByAnnotation" name="TestD" time="0.001"/>
  <system-out/>
  <testcase classname="Package1.TestByAnnotation" name="TestD" time="0.032"/>
  <system-out/>
  <testcase classname="Package1.TestByAnnotation" name="TestC" time="0.002"/>
  <system-out/>
  <testcase classname="Package1.TestByAnnotation" name="TestB">
    <skipped/>
  </testcase> <!-- TestB -->
  <system-out/>
  <testcase classname="Package1.TestByAnnotation" name="TestB">
    <skipped/>
  </testcase> <!-- TestB -->
  <system-out/>
  <testcase classname="Package1.TestByAnnotation" name="TestA">
    <skipped/>
  </testcase> <!-- TestA -->
  <system-out/>
  <testcase classname="Package1.TestByAnnotation" name="TestA">
    <skipped/>
  </testcase> <!-- TestA -->
  <system-out/>
</testsuite> <!-- Package1.TestByAnnotation -->
