<?xml version="1.0" encoding="UTF-8"?>
<!-- Generated by org.testng.reporters.JUnitReportReporter -->
<testsuite hostname="DESKTOP-IQ2M59A" failures="0" tests="10" name="Package1.Test2" time="70.464" errors="0" timestamp="2022-03-05T09:54:20 IST" skipped="8">
  <testcase classname="Package1.Test2" name="verifyTheUserTab" time="34.702"/>
  <system-out/>
  <testcase classname="Package1.Test2" name="verifyTheUserTab" time="35.762"/>
  <system-out/>
  <testcase classname="Package1.Test2" name="verifyTheUserTab3">
    <skipped/>
  </testcase> <!-- verifyTheUserTab3 -->
  <system-out/>
  <testcase classname="Package1.Test2" name="verifyTheUserTab3">
    <skipped/>
  </testcase> <!-- verifyTheUserTab3 -->
  <system-out/>
  <testcase classname="Package1.Test2" name="verifyTheUserTab4">
    <skipped/>
  </testcase> <!-- verifyTheUserTab4 -->
  <system-out/>
  <testcase classname="Package1.Test2" name="verifyTheUserTab4">
    <skipped/>
  </testcase> <!-- verifyTheUserTab4 -->
  <system-out/>
  <testcase classname="Package1.Test2" name="verifyTheUserTab5">
    <skipped/>
  </testcase> <!-- verifyTheUserTab5 -->
  <system-out/>
  <testcase classname="Package1.Test2" name="verifyTheUserTab5">
    <skipped/>
  </testcase> <!-- verifyTheUserTab5 -->
  <system-out/>
  <testcase classname="Package1.Test2" name="verifyTheUserTab1">
    <skipped/>
  </testcase> <!-- verifyTheUserTab1 -->
  <system-out/>
  <testcase classname="Package1.Test2" name="verifyTheUserTab1">
    <skipped/>
  </testcase> <!-- verifyTheUserTab1 -->
  <system-out/>
</testsuite> <!-- Package1.Test2 -->
